<?xml version="1.0" encoding="UTF-8"?>
<!-- Generated by org.testng.reporters.JUnitReportReporter -->
<testsuite hostname="PrashantKumar" failures="0" tests="1" name="requestBody.newRequest" time="3.216" errors="0" timestamp="2025-10-19T20:24:50 IST" skipped="0">
  <testcase classname="requestBody.newRequest" name="reqBody" time="3.216"/>
</testsuite> <!-- requestBody.newRequest -->
