<?xml version="1.0" encoding="UTF-8"?>
<!-- Generated by org.testng.reporters.JUnitReportReporter -->
<testsuite hostname="PrashantKumar" failures="0" tests="1" name="requestBody.newRequest" time="4.587" errors="0" timestamp="2025-10-20T09:45:08 IST" skipped="0">
  <testcase classname="requestBody.newRequest" name="reqBody" time="4.587"/>
</testsuite> <!-- requestBody.newRequest -->
